<?xml version="1.0" encoding="UTF-8"?>
<!-- Generated by org.testng.reporters.JUnitReportReporter -->
<testsuite hostname="DESKTOP-Q5CAG9J" failures="0" tests="1" name="testcases.NewTest" time="2.667" errors="0" timestamp="19 Aug 2021 05:52:06 GMT" skipped="0">
  <testcase classname="testcases.NewTest" name="f" time="2.667"/>
</testsuite> <!-- testcases.NewTest -->
